<?xml version="1.0" encoding="UTF-8"?>
<testng-results ignored="0" total="1" passed="1" failed="0" skipped="0">
  <reporter-output>
  </reporter-output>
  <suite started-at="2023-04-03T10:13:53 IST" name="Default suite" finished-at="2023-04-03T10:13:53 IST" duration-ms="119">
    <groups>
    </groups>
    <test started-at="2023-04-03T10:13:53 IST" name="Default test" finished-at="2023-04-03T10:13:53 IST" duration-ms="119">
      <class name="JaiHind.ParameterTest">
        <test-method signature="test()[pri:0, instance:JaiHind.ParameterTest@f0da945]" started-at="2023-04-03T10:13:53 IST" name="test" finished-at="2023-04-03T10:13:53 IST" duration-ms="23" status="PASS">
          <reporter-output>
          </reporter-output>
        </test-method> <!-- test -->
      </class> <!-- JaiHind.ParameterTest -->
    </test> <!-- Default test -->
  </suite> <!-- Default suite -->
</testng-results>
